# JRE version: OpenJDK Runtime Environment Temurin-21.0.6+7 (21.0.6+7) (build 21.0.6+7-LTS)
# Java VM: OpenJDK 64-Bit Server VM Temurin-21.0.6+7 (21.0.6+7-LTS, mixed mode, emulated-client, sharing, tiered, compressed oops, compressed class ptrs, g1 gc, windows-amd64)
GC Precious Log:
 CardTable entry size: 512
 Card Set container configuration: InlinePtr #cards 4 size 8 Array Of Cards #cards 32 size 80 Howl #buckets 8 coarsen threshold 7372 Howl Bitmap #cards 1024 size 144 coarsen threshold 921 Card regions per heap region 1 cards per card region 8192
 CPUs: 28 total, 28 available
 Memory: 32609M
 Large Page Support: Disabled
 NUMA Support: Disabled
 Compressed Oops: Enabled (Zero based)
 Heap Region Size: 4M
 Heap Min Capacity: 8M
 Heap Initial Capacity: 512M
 Heap Max Capacity: 8156M
 Pre-touch: Disabled
 Parallel Workers: 20
 Concurrent Workers: 5
 Concurrent Refinement Workers: 20
 Periodic GC: Disabled
Heap:
 garbage-first heap   total 139264K, used 48439K [0x0000000602400000, 0x0000000800000000)
  region size 4096K, 4 young (16384K), 0 survivors (0K)
 Metaspace       used 90421K, committed 91328K, reserved 1179648K
  class space    used 12986K, committed 13376K, reserved 1048576K
GC Heap History (20 events):
Event: 2774.640 GC heap before
{Heap before GC invocations=48 (full 6):
 garbage-first heap   total 172032K, used 144641K [0x0000000602400000, 0x0000000800000000)
  region size 4096K, 22 young (90112K), 2 survivors (8192K)
 Metaspace       used 90086K, committed 90944K, reserved 1179648K
  class space    used 12947K, committed 13312K, reserved 1048576K
}
Event: 2774.642 GC heap after
{Heap after GC invocations=49 (full 6):
 garbage-first heap   total 172032K, used 61949K [0x0000000602400000, 0x0000000800000000)
  region size 4096K, 2 young (8192K), 2 survivors (8192K)
 Metaspace       used 90086K, committed 90944K, reserved 1179648K
  class space    used 12947K, committed 13312K, reserved 1048576K
}
Event: 3444.902 GC heap before
{Heap before GC invocations=49 (full 6):
 garbage-first heap   total 172032K, used 143869K [0x0000000602400000, 0x0000000800000000)
  region size 4096K, 22 young (90112K), 2 survivors (8192K)
 Metaspace       used 90087K, committed 90944K, reserved 1179648K
  class space    used 12947K, committed 13312K, reserved 1048576K
}
Event: 3444.904 GC heap after
{Heap after GC invocations=50 (full 6):
 garbage-first heap   total 172032K, used 62024K [0x0000000602400000, 0x0000000800000000)
  region size 4096K, 2 young (8192K), 2 survivors (8192K)
 Metaspace       used 90087K, committed 90944K, reserved 1179648K
  class space    used 12947K, committed 13312K, reserved 1048576K
}
Event: 4135.175 GC heap before
{Heap before GC invocations=50 (full 6):
 garbage-first heap   total 172032K, used 143944K [0x0000000602400000, 0x0000000800000000)
  region size 4096K, 22 young (90112K), 2 survivors (8192K)
 Metaspace       used 90087K, committed 90944K, reserved 1179648K
  class space    used 12947K, committed 13312K, reserved 1048576K
}
Event: 4135.177 GC heap after
{Heap after GC invocations=51 (full 6):
 garbage-first heap   total 172032K, used 61929K [0x0000000602400000, 0x0000000800000000)
  region size 4096K, 2 young (8192K), 2 survivors (8192K)
 Metaspace       used 90087K, committed 90944K, reserved 1179648K
  class space    used 12947K, committed 13312K, reserved 1048576K
}
Event: 4810.685 GC heap before
{Heap before GC invocations=52 (full 6):
 garbage-first heap   total 172032K, used 141276K [0x0000000602400000, 0x0000000800000000)
  region size 4096K, 22 young (90112K), 2 survivors (8192K)
 Metaspace       used 89894K, committed 90944K, reserved 1179648K
  class space    used 12903K, committed 13312K, reserved 1048576K
}
Event: 4810.688 GC heap after
{Heap after GC invocations=53 (full 6):
 garbage-first heap   total 172032K, used 59506K [0x0000000602400000, 0x0000000800000000)
  region size 4096K, 2 young (8192K), 2 survivors (8192K)
 Metaspace       used 89894K, committed 90944K, reserved 1179648K
  class space    used 12903K, committed 13312K, reserved 1048576K
}
Event: 5497.755 GC heap before
{Heap before GC invocations=53 (full 6):
 garbage-first heap   total 172032K, used 145522K [0x0000000602400000, 0x0000000800000000)
  region size 4096K, 23 young (94208K), 2 survivors (8192K)
 Metaspace       used 89901K, committed 90944K, reserved 1179648K
  class space    used 12905K, committed 13312K, reserved 1048576K
}
Event: 5497.759 GC heap after
{Heap after GC invocations=54 (full 6):
 garbage-first heap   total 172032K, used 48139K [0x0000000602400000, 0x0000000800000000)
  region size 4096K, 2 young (8192K), 2 survivors (8192K)
 Metaspace       used 89901K, committed 90944K, reserved 1179648K
  class space    used 12905K, committed 13312K, reserved 1048576K
}
Event: 6280.336 GC heap before
{Heap before GC invocations=54 (full 6):
 garbage-first heap   total 172032K, used 142347K [0x0000000602400000, 0x0000000800000000)
  region size 4096K, 25 young (102400K), 2 survivors (8192K)
 Metaspace       used 89901K, committed 90944K, reserved 1179648K
  class space    used 12905K, committed 13312K, reserved 1048576K
}
Event: 6280.340 GC heap after
{Heap after GC invocations=55 (full 6):
 garbage-first heap   total 172032K, used 47903K [0x0000000602400000, 0x0000000800000000)
  region size 4096K, 2 young (8192K), 2 survivors (8192K)
 Metaspace       used 89901K, committed 90944K, reserved 1179648K
  class space    used 12905K, committed 13312K, reserved 1048576K
}
Event: 6524.794 GC heap before
{Heap before GC invocations=56 (full 6):
 garbage-first heap   total 172032K, used 84767K [0x0000000602400000, 0x0000000800000000)
  region size 4096K, 13 young (53248K), 2 survivors (8192K)
 Metaspace       used 90015K, committed 90944K, reserved 1179648K
  class space    used 12926K, committed 13312K, reserved 1048576K
}
Event: 6524.834 GC heap after
{Heap after GC invocations=57 (full 7):
 garbage-first heap   total 139264K, used 35723K [0x0000000602400000, 0x0000000800000000)
  region size 4096K, 0 young (0K), 0 survivors (0K)
 Metaspace       used 89956K, committed 90880K, reserved 1179648K
  class space    used 12911K, committed 13312K, reserved 1048576K
}
Event: 6524.848 GC heap before
{Heap before GC invocations=57 (full 7):
 garbage-first heap   total 139264K, used 35723K [0x0000000602400000, 0x0000000800000000)
  region size 4096K, 1 young (4096K), 0 survivors (0K)
 Metaspace       used 89967K, committed 90880K, reserved 1179648K
  class space    used 12914K, committed 13312K, reserved 1048576K
}
Event: 6524.848 GC heap after
{Heap after GC invocations=58 (full 7):
 garbage-first heap   total 139264K, used 36809K [0x0000000602400000, 0x0000000800000000)
  region size 4096K, 1 young (4096K), 1 survivors (4096K)
 Metaspace       used 89967K, committed 90880K, reserved 1179648K
  class space    used 12914K, committed 13312K, reserved 1048576K
}
Event: 6525.425 GC heap before
{Heap before GC invocations=59 (full 7):
 garbage-first heap   total 139264K, used 114633K [0x0000000602400000, 0x0000000800000000)
  region size 4096K, 20 young (81920K), 1 survivors (4096K)
 Metaspace       used 90157K, committed 91008K, reserved 1179648K
  class space    used 12958K, committed 13312K, reserved 1048576K
}
Event: 6525.429 GC heap after
{Heap after GC invocations=60 (full 7):
 garbage-first heap   total 139264K, used 45177K [0x0000000602400000, 0x0000000800000000)
  region size 4096K, 3 young (12288K), 3 survivors (12288K)
 Metaspace       used 90157K, committed 91008K, reserved 1179648K
  class space    used 12958K, committed 13312K, reserved 1048576K
}
Event: 6527.019 GC heap before
{Heap before GC invocations=60 (full 7):
 garbage-first heap   total 139264K, used 65657K [0x0000000602400000, 0x0000000800000000)
  region size 4096K, 9 young (36864K), 3 survivors (12288K)
 Metaspace       used 90450K, committed 91328K, reserved 1179648K
  class space    used 13004K, committed 13376K, reserved 1048576K
}
Event: 6527.063 GC heap after
{Heap after GC invocations=61 (full 8):
 garbage-first heap   total 139264K, used 36151K [0x0000000602400000, 0x0000000800000000)
  region size 4096K, 0 young (0K), 0 survivors (0K)
 Metaspace       used 90323K, committed 91328K, reserved 1179648K
  class space    used 12973K, committed 13376K, reserved 1048576K
}

